<?xml version="1.0" encoding="UTF-8"?>
<!-- Generated by org.testng.reporters.JUnitReportReporter -->
<testsuite hostname="LAPTOP-DI0Q8O11" failures="0" tests="1" name="TestScripts.LaunchApiDemo" time="18.226" errors="0" timestamp="2023-06-13T19:55:13 IST" skipped="0">
  <testcase classname="TestScripts.LaunchApiDemo" name="LaunchApiDemo" time="18.226"/>
  <system-out/>
</testsuite> <!-- TestScripts.LaunchApiDemo -->
