<?xml version="1.0" encoding="UTF-8"?>
<!-- Generated by org.testng.reporters.JUnitReportReporter -->
<testsuite hostname="LAPTOP-DI0Q8O11" failures="0" tests="1" name="TestScripts.LaunchBrowser" time="20.908" errors="0" timestamp="2023-06-13T19:29:39 IST" skipped="0">
  <testcase classname="TestScripts.LaunchBrowser" name="launchBrowser" time="20.908"/>
  <system-out/>
</testsuite> <!-- TestScripts.LaunchBrowser -->
