<?xml version="1.0" encoding="UTF-8"?>
<!-- Generated by org.testng.reporters.JUnitReportReporter -->
<testsuite hostname="LAPTOP-DI0Q8O11" failures="0" tests="1" name="testscripts.Appium_Xpath" time="16.149" errors="0" timestamp="2023-06-14T01:35:34 IST" skipped="0">
  <testcase classname="testscripts.Appium_Xpath" name="xpathPractice" time="16.149"/>
  <system-out/>
</testsuite> <!-- testscripts.Appium_Xpath -->
