<?xml version="1.0" encoding="UTF-8"?>
<!-- Generated by org.testng.reporters.JUnitReportReporter -->
<testsuite hostname="LAPTOP-DI0Q8O11" failures="0" tests="1" name="testscripts.Appium_Xpath" time="24.831" errors="0" timestamp="2023-06-14T02:27:11 IST" skipped="0">
  <testcase classname="testscripts.Appium_Xpath" name="xpathPractice" time="24.831"/>
  <system-out/>
</testsuite> <!-- testscripts.Appium_Xpath -->
